# JRE version: Java(TM) SE Runtime Environment (8.0_151-b12) (build 1.8.0_151-b12)
# Java VM: Java HotSpot(TM) 64-Bit Server VM (25.151-b12 mixed mode windows-amd64 compressed oops)
Heap:
 PSYoungGen      total 76288K, used 62833K [0x00000000f5580000, 0x00000000faa80000, 0x0000000100000000)
  eden space 65536K, 95% used [0x00000000f5580000,0x00000000f92dc760,0x00000000f9580000)
  from space 10752K, 0% used [0x00000000fa000000,0x00000000fa000000,0x00000000faa80000)
  to   space 10752K, 0% used [0x00000000f9580000,0x00000000f9580000,0x00000000fa000000)
 ParOldGen       total 175104K, used 6379K [0x00000000e0000000, 0x00000000eab00000, 0x00000000f5580000)
  object space 175104K, 3% used [0x00000000e0000000,0x00000000e063ac58,0x00000000eab00000)
 Metaspace       used 30368K, capacity 31108K, committed 31232K, reserved 1077248K
  class space    used 4142K, capacity 4326K, committed 4352K, reserved 1048576K
GC Heap History (6 events):
Event: 13.658 GC heap before
{Heap before GC invocations=1 (full 0):
 PSYoungGen      total 76288K, used 65536K [0x00000000f5580000, 0x00000000faa80000, 0x0000000100000000)
  eden space 65536K, 100% used [0x00000000f5580000,0x00000000f9580000,0x00000000f9580000)
  from space 10752K, 0% used [0x00000000fa000000,0x00000000fa000000,0x00000000faa80000)
  to   space 10752K, 0% used [0x00000000f9580000,0x00000000f9580000,0x00000000fa000000)
 ParOldGen       total 175104K, used 0K [0x00000000e0000000, 0x00000000eab00000, 0x00000000f5580000)
  object space 175104K, 0% used [0x00000000e0000000,0x00000000e0000000,0x00000000eab00000)
 Metaspace       used 14453K, capacity 14720K, committed 14976K, reserved 1062912K
  class space    used 1759K, capacity 1852K, committed 1920K, reserved 1048576K
Event: 13.697 GC heap after
Heap after GC invocations=1 (full 0):
 PSYoungGen      total 76288K, used 10720K [0x00000000f5580000, 0x00000000faa80000, 0x0000000100000000)
  eden space 65536K, 0% used [0x00000000f5580000,0x00000000f5580000,0x00000000f9580000)
  from space 10752K, 99% used [0x00000000f9580000,0x00000000f9ff8150,0x00000000fa000000)
  to   space 10752K, 0% used [0x00000000fa000000,0x00000000fa000000,0x00000000faa80000)
 ParOldGen       total 175104K, used 2190K [0x00000000e0000000, 0x00000000eab00000, 0x00000000f5580000)
  object space 175104K, 1% used [0x00000000e0000000,0x00000000e02238e0,0x00000000eab00000)
 Metaspace       used 14453K, capacity 14720K, committed 14976K, reserved 1062912K
  class space    used 1759K, capacity 1852K, committed 1920K, reserved 1048576K
}
Event: 43.517 GC heap before
{Heap before GC invocations=2 (full 0):
 PSYoungGen      total 76288K, used 28446K [0x00000000f5580000, 0x00000000faa80000, 0x0000000100000000)
  eden space 65536K, 27% used [0x00000000f5580000,0x00000000f66cf9d8,0x00000000f9580000)
  from space 10752K, 99% used [0x00000000f9580000,0x00000000f9ff8150,0x00000000fa000000)
  to   space 10752K, 0% used [0x00000000fa000000,0x00000000fa000000,0x00000000faa80000)
 ParOldGen       total 175104K, used 2190K [0x00000000e0000000, 0x00000000eab00000, 0x00000000f5580000)
  object space 175104K, 1% used [0x00000000e0000000,0x00000000e02238e0,0x00000000eab00000)
 Metaspace       used 20874K, capacity 21222K, committed 21296K, reserved 1067008K
  class space    used 2782K, capacity 2917K, committed 2944K, reserved 1048576K
Event: 43.546 GC heap after
Heap after GC invocations=2 (full 0):
 PSYoungGen      total 76288K, used 6448K [0x00000000f5580000, 0x00000000faa80000, 0x0000000100000000)
  eden space 65536K, 0% used [0x00000000f5580000,0x00000000f5580000,0x00000000f9580000)
  from space 10752K, 59% used [0x00000000fa000000,0x00000000fa64c030,0x00000000faa80000)
  to   space 10752K, 0% used [0x00000000f9580000,0x00000000f9580000,0x00000000fa000000)
 ParOldGen       total 175104K, used 2198K [0x00000000e0000000, 0x00000000eab00000, 0x00000000f5580000)
  object space 175104K, 1% used [0x00000000e0000000,0x00000000e02258e0,0x00000000eab00000)
 Metaspace       used 20874K, capacity 21222K, committed 21296K, reserved 1067008K
  class space    used 2782K, capacity 2917K, committed 2944K, reserved 1048576K
}
Event: 43.546 GC heap before
{Heap before GC invocations=3 (full 1):
 PSYoungGen      total 76288K, used 6448K [0x00000000f5580000, 0x00000000faa80000, 0x0000000100000000)
  eden space 65536K, 0% used [0x00000000f5580000,0x00000000f5580000,0x00000000f9580000)
  from space 10752K, 59% used [0x00000000fa000000,0x00000000fa64c030,0x00000000faa80000)
  to   space 10752K, 0% used [0x00000000f9580000,0x00000000f9580000,0x00000000fa000000)
 ParOldGen       total 175104K, used 2198K [0x00000000e0000000, 0x00000000eab00000, 0x00000000f5580000)
  object space 175104K, 1% used [0x00000000e0000000,0x00000000e02258e0,0x00000000eab00000)
 Metaspace       used 20874K, capacity 21222K, committed 21296K, reserved 1067008K
  class space    used 2782K, capacity 2917K, committed 2944K, reserved 1048576K
Event: 43.841 GC heap after
Heap after GC invocations=3 (full 1):
 PSYoungGen      total 76288K, used 0K [0x00000000f5580000, 0x00000000faa80000, 0x0000000100000000)
  eden space 65536K, 0% used [0x00000000f5580000,0x00000000f5580000,0x00000000f9580000)
  from space 10752K, 0% used [0x00000000fa000000,0x00000000fa000000,0x00000000faa80000)
  to   space 10752K, 0% used [0x00000000f9580000,0x00000000f9580000,0x00000000fa000000)
 ParOldGen       total 175104K, used 6379K [0x00000000e0000000, 0x00000000eab00000, 0x00000000f5580000)
  object space 175104K, 3% used [0x00000000e0000000,0x00000000e063ac58,0x00000000eab00000)
 Metaspace       used 20874K, capacity 21222K, committed 21296K, reserved 1067008K
  class space    used 2782K, capacity 2917K, committed 2944K, reserved 1048576K
}

